0 info it worked if it ends with ok
1 verbose cli [ 'C:\\Program Files\\nodejs\\node.exe',
1 verbose cli   'C:\\Program Files\\nodejs\\node_modules\\npm\\bin\\npm-cli.js',
1 verbose cli   'shrinkwrap' ]
2 info using npm@4.0.5
3 info using node@v7.4.0
4 info lifecycle server@1.0.0~preshrinkwrap: server@1.0.0
5 silly lifecycle server@1.0.0~preshrinkwrap: no script for preshrinkwrap, continuing
6 info lifecycle server@1.0.0~shrinkwrap: server@1.0.0
7 silly lifecycle server@1.0.0~shrinkwrap: no script for shrinkwrap, continuing
8 verbose stack Error: Problems were encountered
8 verbose stack Please correct and try again.
8 verbose stack peer invalid: graphql@^0.6.1 || ^0.7.0, required by apollo-server@0.3.3
8 verbose stack     at shrinkwrap_ (C:\Program Files\nodejs\node_modules\npm\lib\shrinkwrap.js:128:15)
8 verbose stack     at Array.<anonymous> (C:\Program Files\nodejs\node_modules\npm\node_modules\slide\lib\bind-actor.js:15:8)
8 verbose stack     at LOOP (C:\Program Files\nodejs\node_modules\npm\node_modules\slide\lib\chain.js:15:14)
8 verbose stack     at C:\Program Files\nodejs\node_modules\npm\node_modules\slide\lib\chain.js:18:7
8 verbose stack     at done (C:\Program Files\nodejs\node_modules\npm\lib\utils\lifecycle.js:132:5)
8 verbose stack     at LOOP (C:\Program Files\nodejs\node_modules\npm\node_modules\slide\lib\chain.js:7:26)
8 verbose stack     at C:\Program Files\nodejs\node_modules\npm\node_modules\slide\lib\chain.js:18:7
8 verbose stack     at C:\Program Files\nodejs\node_modules\npm\lib\utils\lifecycle.js:318:20
8 verbose stack     at C:\Program Files\nodejs\node_modules\npm\node_modules\graceful-fs\polyfills.js:284:29
8 verbose stack     at FSReqWrap.oncomplete (fs.js:112:15)
9 verbose cwd C:\Users\maggot\WebstormProjects\gql-server\server
10 error Windows_NT 10.0.14393
11 error argv "C:\\Program Files\\nodejs\\node.exe" "C:\\Program Files\\nodejs\\node_modules\\npm\\bin\\npm-cli.js" "shrinkwrap"
12 error node v7.4.0
13 error npm  v4.0.5
14 error Problems were encountered
14 error Please correct and try again.
14 error peer invalid: graphql@^0.6.1 || ^0.7.0, required by apollo-server@0.3.3
15 error If you need help, you may report this error at:
15 error     <https://github.com/npm/npm/issues>
16 verbose exit [ 1, true ]
