Arguments: 
  C:\Program Files\nodejs\node.exe C:\Users\maggot\AppData\Roaming\npm\node_modules\yarn\bin\yarn.js add redux

PATH: 
  C:\ProgramData\Oracle\Java\javapath;C:\oraclexe\app\oracle\product\11.2.0\server\bin;C:\Program Files (x86)\Lenovo\FusionEngine;C:\WINDOWS\system32;C:\WINDOWS;C:\WINDOWS\System32\Wbem;C:\WINDOWS\System32\WindowsPowerShell\v1.0\;C:\Program Files (x86)\Common Files\lenovo\easyplussdk\bin;C:\Program Files (x86)\ATI Technologies\ATI.ACE\Core-Static;C:\Program Files\nodejs\;C:\Program Files\Git\cmd;C:\Users\maggot\AppData\Roaming\npm;%USERPROFILE%\AppData\Local\Microsoft\WindowsApps;

Yarn version: 
  0.18.1

Node version: 
  7.4.0

Platform: 
  win32 x64

npm manifest: 
  {
    "name": "server",
    "version": "1.0.0",
    "description": "",
    "main": "index.js",
    "dependencies": {
      "apollo-server": "^0.3.3",
      "body": "^5.1.0",
      "body-parser": "^1.16.0",
      "cors": "^2.8.1",
      "express": "^4.14.1",
      "graphql": "^0.9.1",
      "graphql-server-express": "^0.6.0",
      "graphql-tools": "^0.9.2",
      "ramda": "^0.23.0",
      "subscriptions-transport-ws": "^0.4.0"
    },
    "devDependencies": {},
    "scripts": {
      "test": "echo \"Error: no test specified\" && exit 1"
    },
    "keywords": [],
    "author": "",
    "license": "ISC"
  }

yarn manifest: 
  No manifest

Lockfile: 
  # THIS IS AN AUTOGENERATED FILE. DO NOT EDIT THIS FILE DIRECTLY.
  # yarn lockfile v1
  
  
  "@types/body-parser@0.0.33":
    version "0.0.33"
    resolved "https://registry.yarnpkg.com/@types/body-parser/-/body-parser-0.0.33.tgz#33ca1498fc37e51c5df0c81cae34569e7041e025"
    dependencies:
      "@types/express" "*"
  
  "@types/boom@0.0.32":
    version "0.0.32"
    resolved "https://registry.yarnpkg.com/@types/boom/-/boom-0.0.32.tgz#5dfd349b4e7ebe2c73ca8d39ab05687dd403f9a1"
    dependencies:
      "@types/node" "*"
  
  "@types/chai@^3.4.34":
    version "3.4.34"
    resolved "https://registry.yarnpkg.com/@types/chai/-/chai-3.4.34.tgz#d5335792823bb09cddd5e38c3d211b709183854d"
  
  "@types/connect@^3.4.30":
    version "3.4.30"
    resolved "https://registry.yarnpkg.com/@types/connect/-/connect-3.4.30.tgz#0a8ede309ce0ebdba2f0534e574692511dd71eb6"
    dependencies:
      "@types/node" "*"
  
  "@types/cookies@*", "@types/cookies@^0.5.30":
    version "0.5.30"
    resolved "https://registry.yarnpkg.com/@types/cookies/-/cookies-0.5.30.tgz#de798b61d6c6da77d6559ab1db4c6f3c8b4935bd"
    dependencies:
      "@types/node" "*"
  
  "@types/express-serve-static-core@*", "@types/express-serve-static-core@^4.0.36":
    version "4.0.40"
    resolved "https://registry.yarnpkg.com/@types/express-serve-static-core/-/express-serve-static-core-4.0.40.tgz#168e82978bffc81ee7737bc60728d64733a4f37b"
    dependencies:
      "@types/node" "*"
  
  "@types/express@*", "@types/express@^4.0.33", "@types/express@^4.0.35":
    version "4.0.35"
    resolved "https://registry.yarnpkg.com/@types/express/-/express-4.0.35.tgz#6267c7b60a51fac473467b3c4a02cd1e441805fe"
    dependencies:
      "@types/express-serve-static-core" "*"
      "@types/serve-static" "*"
  
  "@types/fibers@0.0.29":
    version "0.0.29"
    resolved "https://registry.yarnpkg.com/@types/fibers/-/fibers-0.0.29.tgz#4c815209a717ede505c3040b4e3a31a7f5239d49"
  
  "@types/graphql@^0.8.5", "@types/graphql@^0.8.6":
    version "0.8.6"
    resolved "https://registry.yarnpkg.com/@types/graphql/-/graphql-0.8.6.tgz#b34fb880493ba835b0c067024ee70130d6f9bb68"
  
  "@types/hapi@^13.0.35":
    version "13.0.38"
    resolved "https://registry.yarnpkg.com/@types/hapi/-/hapi-13.0.38.tgz#3671ab29fd465d61e394718ce546b7d5ef21a331"
    dependencies:
      "@types/node" "*"
  
  "@types/http-errors@^1.3.29":
    version "1.5.33"
    resolved "https://registry.yarnpkg.com/@types/http-errors/-/http-errors-1.5.33.tgz#ae2d1dfc33745ea548f1ae06fc338cdf66406770"
  
  "@types/koa-bodyparser@^3.0.19":
    version "3.0.23"
    resolved "https://registry.yarnpkg.com/@types/koa-bodyparser/-/koa-bodyparser-3.0.23.tgz#0e719b708d463d1ea31a25971c485c2e4eb6ced4"
    dependencies:
      "@types/koa" "*"
  
  "@types/koa-router@^7.0.21":
    version "7.0.21"
    resolved "https://registry.yarnpkg.com/@types/koa-router/-/koa-router-7.0.21.tgz#8d462a631181022472e6a9a690934bbaa9a3e7a5"
    dependencies:
      "@types/koa" "*"
  
  "@types/koa@*", "@types/koa@^2.0.33":
    version "2.0.37"
    resolved "https://registry.yarnpkg.com/@types/koa/-/koa-2.0.37.tgz#7c34661ca98082f9828cf54c393c3c3e6d357aac"
    dependencies:
      "@types/cookies" "*"
      "@types/node" "*"
  
  "@types/mime@*", "@types/mime@0.0.29":
    version "0.0.29"
    resolved "https://registry.yarnpkg.com/@types/mime/-/mime-0.0.29.tgz#fbcfd330573b912ef59eeee14602bface630754b"
  
  "@types/multer@0.0.32":
    version "0.0.32"
    resolved "https://registry.yarnpkg.com/@types/multer/-/multer-0.0.32.tgz#f89c751227dc20b7c933c309a3e7467c499fcdec"
    dependencies:
      "@types/express" "*"
  
  "@types/node@*", "@types/node@^6.0.41":
    version "6.0.62"
    resolved "https://registry.yarnpkg.com/@types/node/-/node-6.0.62.tgz#85222c077b54f25b57417bb708b9f877bda37f89"
  
  "@types/serve-static@*", "@types/serve-static@^1.7.31":
    version "1.7.31"
    resolved "https://registry.yarnpkg.com/@types/serve-static/-/serve-static-1.7.31.tgz#15456de8d98d6b4cff31be6c6af7492ae63f521a"
    dependencies:
      "@types/express-serve-static-core" "*"
      "@types/mime" "*"
  
  accepts@~1.3.3:
    version "1.3.3"
    resolved "https://registry.yarnpkg.com/accepts/-/accepts-1.3.3.tgz#c3ca7434938648c3e0d9c1e328dd68b622c284ca"
    dependencies:
      mime-types "~2.1.11"
      negotiator "0.6.1"
  
  apollo-server@^0.3.3:
    version "0.3.3"
    resolved "https://registry.yarnpkg.com/apollo-server/-/apollo-server-0.3.3.tgz#3b6876c1d8bf56f51736375fa48f60dccada75a8"
    dependencies:
      "@types/body-parser" "0.0.33"
      "@types/boom" "0.0.32"
      "@types/chai" "^3.4.34"
      "@types/connect" "^3.4.30"
      "@types/cookies" "^0.5.30"
      "@types/express" "^4.0.33"
      "@types/express-serve-static-core" "^4.0.36"
      "@types/fibers" "0.0.29"
      "@types/hapi" "^13.0.35"
      "@types/http-errors" "^1.3.29"
      "@types/koa" "^2.0.33"
      "@types/koa-bodyparser" "^3.0.19"
      "@types/koa-router" "^7.0.21"
      "@types/mime" "0.0.29"
      "@types/multer" "0.0.32"
      "@types/node" "^6.0.41"
      "@types/serve-static" "^1.7.31"
      boom "^4.0.0"
      http-errors "^1.5.0"
      source-map-support "^0.4.2"
      typed-graphql "^1.0.2"
  
  array-flatten@1.1.1:
    version "1.1.1"
    resolved "https://registry.yarnpkg.com/array-flatten/-/array-flatten-1.1.1.tgz#9a5f699051b1e7073328f2a008968b64ea2955d2"
  
  backo2@^1.0.2:
    version "1.0.2"
    resolved "https://registry.yarnpkg.com/backo2/-/backo2-1.0.2.tgz#31ab1ac8b129363463e35b3ebb69f4dfcfba7947"
  
  body-parser@^1.16.0:
    version "1.16.0"
    resolved "https://registry.yarnpkg.com/body-parser/-/body-parser-1.16.0.tgz#924a5e472c6229fb9d69b85a20d5f2532dec788b"
    dependencies:
      bytes "2.4.0"
      content-type "~1.0.2"
      debug "2.6.0"
      depd "~1.1.0"
      http-errors "~1.5.1"
      iconv-lite "0.4.15"
      on-finished "~2.3.0"
      qs "6.2.1"
      raw-body "~2.2.0"
      type-is "~1.6.14"
  
  body@^5.1.0:
    version "5.1.0"
    resolved "https://registry.yarnpkg.com/body/-/body-5.1.0.tgz#e4ba0ce410a46936323367609ecb4e6553125069"
    dependencies:
      continuable-cache "^0.3.1"
      error "^7.0.0"
      raw-body "~1.1.0"
      safe-json-parse "~1.0.1"
  
  boom@^4.0.0:
    version "4.2.0"
    resolved "https://registry.yarnpkg.com/boom/-/boom-4.2.0.tgz#c1a74174b11fbba223f6162d4fd8851a1b82a536"
    dependencies:
      hoek "4.x.x"
  
  bytes@1:
    version "1.0.0"
    resolved "https://registry.yarnpkg.com/bytes/-/bytes-1.0.0.tgz#3569ede8ba34315fab99c3e92cb04c7220de1fa8"
  
  bytes@2.4.0:
    version "2.4.0"
    resolved "https://registry.yarnpkg.com/bytes/-/bytes-2.4.0.tgz#7d97196f9d5baf7f6935e25985549edd2a6c2339"
  
  content-disposition@0.5.2:
    version "0.5.2"
    resolved "https://registry.yarnpkg.com/content-disposition/-/content-disposition-0.5.2.tgz#0cf68bb9ddf5f2be7961c3a85178cb85dba78cb4"
  
  content-type@~1.0.2:
    version "1.0.2"
    resolved "https://registry.yarnpkg.com/content-type/-/content-type-1.0.2.tgz#b7d113aee7a8dd27bd21133c4dc2529df1721eed"
  
  continuable-cache@^0.3.1:
    version "0.3.1"
    resolved "https://registry.yarnpkg.com/continuable-cache/-/continuable-cache-0.3.1.tgz#bd727a7faed77e71ff3985ac93351a912733ad0f"
  
  cookie-signature@1.0.6:
    version "1.0.6"
    resolved "https://registry.yarnpkg.com/cookie-signature/-/cookie-signature-1.0.6.tgz#e303a882b342cc3ee8ca513a79999734dab3ae2c"
  
  cookie@0.3.1:
    version "0.3.1"
    resolved "https://registry.yarnpkg.com/cookie/-/cookie-0.3.1.tgz#e7e0a1f9ef43b4c8ba925c5c5a96e806d16873bb"
  
  cors@^2.8.1:
    version "2.8.1"
    resolved "https://registry.yarnpkg.com/cors/-/cors-2.8.1.tgz#6181aa56abb45a2825be3304703747ae4e9d2383"
    dependencies:
      vary "^1"
  
  debug@2.6.0, debug@^2.2.0:
    version "2.6.0"
    resolved "https://registry.yarnpkg.com/debug/-/debug-2.6.0.tgz#bc596bcabe7617f11d9fa15361eded5608b8499b"
    dependencies:
      ms "0.7.2"
  
  debug@~2.2.0:
    version "2.2.0"
    resolved "https://registry.yarnpkg.com/debug/-/debug-2.2.0.tgz#f87057e995b1a1f6ae6a4960664137bc56f039da"
    dependencies:
      ms "0.7.1"
  
  depd@~1.1.0:
    version "1.1.0"
    resolved "https://registry.yarnpkg.com/depd/-/depd-1.1.0.tgz#e1bd82c6aab6ced965b97b88b17ed3e528ca18c3"
  
  deprecated-decorator@^0.1.6:
    version "0.1.6"
    resolved "https://registry.yarnpkg.com/deprecated-decorator/-/deprecated-decorator-0.1.6.tgz#00966317b7a12fe92f3cc831f7583af329b86c37"
  
  destroy@~1.0.4:
    version "1.0.4"
    resolved "https://registry.yarnpkg.com/destroy/-/destroy-1.0.4.tgz#978857442c44749e4206613e37946205826abd80"
  
  ee-first@1.1.1:
    version "1.1.1"
    resolved "https://registry.yarnpkg.com/ee-first/-/ee-first-1.1.1.tgz#590c61156b0ae2f4f0255732a158b266bc56b21d"
  
  encodeurl@~1.0.1:
    version "1.0.1"
    resolved "https://registry.yarnpkg.com/encodeurl/-/encodeurl-1.0.1.tgz#79e3d58655346909fe6f0f45a5de68103b294d20"
  
  error@^7.0.0:
    version "7.0.2"
    resolved "https://registry.yarnpkg.com/error/-/error-7.0.2.tgz#a5f75fff4d9926126ddac0ea5dc38e689153cb02"
    dependencies:
      string-template "~0.2.1"
      xtend "~4.0.0"
  
  es6-promise@^3.2.1:
    version "3.3.1"
    resolved "https://registry.yarnpkg.com/es6-promise/-/es6-promise-3.3.1.tgz#a08cdde84ccdbf34d027a1451bc91d4bcd28a613"
  
  escape-html@~1.0.3:
    version "1.0.3"
    resolved "https://registry.yarnpkg.com/escape-html/-/escape-html-1.0.3.tgz#0258eae4d3d0c0974de1c169188ef0051d1d1988"
  
  etag@~1.7.0:
    version "1.7.0"
    resolved "https://registry.yarnpkg.com/etag/-/etag-1.7.0.tgz#03d30b5f67dd6e632d2945d30d6652731a34d5d8"
  
  express@^4.14.1:
    version "4.14.1"
    resolved "https://registry.yarnpkg.com/express/-/express-4.14.1.tgz#646c237f766f148c2120aff073817b9e4d7e0d33"
    dependencies:
      accepts "~1.3.3"
      array-flatten "1.1.1"
      content-disposition "0.5.2"
      content-type "~1.0.2"
      cookie "0.3.1"
      cookie-signature "1.0.6"
      debug "~2.2.0"
      depd "~1.1.0"
      encodeurl "~1.0.1"
      escape-html "~1.0.3"
      etag "~1.7.0"
      finalhandler "0.5.1"
      fresh "0.3.0"
      merge-descriptors "1.0.1"
      methods "~1.1.2"
      on-finished "~2.3.0"
      parseurl "~1.3.1"
      path-to-regexp "0.1.7"
      proxy-addr "~1.1.3"
      qs "6.2.0"
      range-parser "~1.2.0"
      send "0.14.2"
      serve-static "~1.11.2"
      type-is "~1.6.14"
      utils-merge "1.0.0"
      vary "~1.1.0"
  
  finalhandler@0.5.1:
    version "0.5.1"
    resolved "https://registry.yarnpkg.com/finalhandler/-/finalhandler-0.5.1.tgz#2c400d8d4530935bc232549c5fa385ec07de6fcd"
    dependencies:
      debug "~2.2.0"
      escape-html "~1.0.3"
      on-finished "~2.3.0"
      statuses "~1.3.1"
      unpipe "~1.0.0"
  
  forwarded@~0.1.0:
    version "0.1.0"
    resolved "https://registry.yarnpkg.com/forwarded/-/forwarded-0.1.0.tgz#19ef9874c4ae1c297bcf078fde63a09b66a84363"
  
  fresh@0.3.0:
    version "0.3.0"
    resolved "https://registry.yarnpkg.com/fresh/-/fresh-0.3.0.tgz#651f838e22424e7566de161d8358caa199f83d4f"
  
  graphql-server-core@^0.6.0:
    version "0.6.0"
    resolved "https://registry.yarnpkg.com/graphql-server-core/-/graphql-server-core-0.6.0.tgz#468625cba4a00f80275c065432faa481985f5a65"
    optionalDependencies:
      "@types/graphql" "^0.8.5"
  
  graphql-server-express@^0.6.0:
    version "0.6.0"
    resolved "https://registry.yarnpkg.com/graphql-server-express/-/graphql-server-express-0.6.0.tgz#516090b4add82e6ed2c4a70dd2d925031fdcc289"
    dependencies:
      graphql-server-core "^0.6.0"
      graphql-server-module-graphiql "^0.6.0"
    optionalDependencies:
      "@types/express" "^4.0.35"
      "@types/graphql" "^0.8.6"
  
  graphql-server-module-graphiql@^0.6.0:
    version "0.6.0"
    resolved "https://registry.yarnpkg.com/graphql-server-module-graphiql/-/graphql-server-module-graphiql-0.6.0.tgz#e37634b05f000731981e8ed13103f9a5861e5da0"
  
  graphql-subscriptions@^0.2.0:
    version "0.2.3"
    resolved "https://registry.yarnpkg.com/graphql-subscriptions/-/graphql-subscriptions-0.2.3.tgz#75f9a02cb6d2b456b1703ce95670f793dacee607"
    dependencies:
      es6-promise "^3.2.1"
  
  graphql-tools@^0.9.2:
    version "0.9.2"
    resolved "https://registry.yarnpkg.com/graphql-tools/-/graphql-tools-0.9.2.tgz#c3f42d0b78d2d6c57cea5ef2894863de34af9a11"
    dependencies:
      deprecated-decorator "^0.1.6"
      lodash "^4.3.0"
      uuid "^3.0.1"
    optionalDependencies:
      "@types/graphql" "^0.8.5"
  
  graphql@^0.9.1:
    version "0.9.1"
    resolved "https://registry.yarnpkg.com/graphql/-/graphql-0.9.1.tgz#f4d154cbec054d4a5d3b1be95f23435c09aa86c8"
    dependencies:
      iterall "1.0.3"
  
  hoek@4.x.x:
    version "4.1.0"
    resolved "https://registry.yarnpkg.com/hoek/-/hoek-4.1.0.tgz#4a4557460f69842ed463aa00628cc26d2683afa7"
  
  http-errors@^1.5.0, http-errors@~1.5.1:
    version "1.5.1"
    resolved "https://registry.yarnpkg.com/http-errors/-/http-errors-1.5.1.tgz#788c0d2c1de2c81b9e6e8c01843b6b97eb920750"
    dependencies:
      inherits "2.0.3"
      setprototypeof "1.0.2"
      statuses ">= 1.3.1 < 2"
  
  iconv-lite@0.4.15:
    version "0.4.15"
    resolved "https://registry.yarnpkg.com/iconv-lite/-/iconv-lite-0.4.15.tgz#fe265a218ac6a57cfe854927e9d04c19825eddeb"
  
  inherits@2.0.3:
    version "2.0.3"
    resolved "https://registry.yarnpkg.com/inherits/-/inherits-2.0.3.tgz#633c2c83e3da42a502f52466022480f4208261de"
  
  ipaddr.js@1.2.0:
    version "1.2.0"
    resolved "https://registry.yarnpkg.com/ipaddr.js/-/ipaddr.js-1.2.0.tgz#8aba49c9192799585bdd643e0ccb50e8ae777ba4"
  
  is-typedarray@^1.0.0:
    version "1.0.0"
    resolved "https://registry.yarnpkg.com/is-typedarray/-/is-typedarray-1.0.0.tgz#e479c80858df0c1b11ddda6940f96011fcda4a9a"
  
  iterall@1.0.3:
    version "1.0.3"
    resolved "https://registry.yarnpkg.com/iterall/-/iterall-1.0.3.tgz#e0b31958f835013c323ff0b10943829ac69aa4b7"
  
  lodash.isobject@^3.0.2:
    version "3.0.2"
    resolved "https://registry.yarnpkg.com/lodash.isobject/-/lodash.isobject-3.0.2.tgz#3c8fb8d5b5bf4bf90ae06e14f2a530a4ed935e1d"
  
  lodash.isstring@^4.0.1:
    version "4.0.1"
    resolved "https://registry.yarnpkg.com/lodash.isstring/-/lodash.isstring-4.0.1.tgz#d527dfb5456eca7cc9bb95d5daeaf88ba54a5451"
  
  lodash@^4.3.0:
    version "4.17.4"
    resolved "https://registry.yarnpkg.com/lodash/-/lodash-4.17.4.tgz#78203a4d1c328ae1d86dca6460e369b57f4055ae"
  
  media-typer@0.3.0:
    version "0.3.0"
    resolved "https://registry.yarnpkg.com/media-typer/-/media-typer-0.3.0.tgz#8710d7af0aa626f8fffa1ce00168545263255748"
  
  merge-descriptors@1.0.1:
    version "1.0.1"
    resolved "https://registry.yarnpkg.com/merge-descriptors/-/merge-descriptors-1.0.1.tgz#b00aaa556dd8b44568150ec9d1b953f3f90cbb61"
  
  methods@~1.1.2:
    version "1.1.2"
    resolved "https://registry.yarnpkg.com/methods/-/methods-1.1.2.tgz#5529a4d67654134edcc5266656835b0f851afcee"
  
  mime-db@~1.26.0:
    version "1.26.0"
    resolved "https://registry.yarnpkg.com/mime-db/-/mime-db-1.26.0.tgz#eaffcd0e4fc6935cf8134da246e2e6c35305adff"
  
  mime-types@~2.1.11, mime-types@~2.1.13:
    version "2.1.14"
    resolved "https://registry.yarnpkg.com/mime-types/-/mime-types-2.1.14.tgz#f7ef7d97583fcaf3b7d282b6f8b5679dab1e94ee"
    dependencies:
      mime-db "~1.26.0"
  
  mime@1.3.4:
    version "1.3.4"
    resolved "https://registry.yarnpkg.com/mime/-/mime-1.3.4.tgz#115f9e3b6b3daf2959983cb38f149a2d40eb5d53"
  
  ms@0.7.1:
    version "0.7.1"
    resolved "https://registry.yarnpkg.com/ms/-/ms-0.7.1.tgz#9cd13c03adbff25b65effde7ce864ee952017098"
  
  ms@0.7.2:
    version "0.7.2"
    resolved "https://registry.yarnpkg.com/ms/-/ms-0.7.2.tgz#ae25cf2512b3885a1d95d7f037868d8431124765"
  
  nan@^2.3.3:
    version "2.5.1"
    resolved "https://registry.yarnpkg.com/nan/-/nan-2.5.1.tgz#d5b01691253326a97a2bbee9e61c55d8d60351e2"
  
  negotiator@0.6.1:
    version "0.6.1"
    resolved "https://registry.yarnpkg.com/negotiator/-/negotiator-0.6.1.tgz#2b327184e8992101177b28563fb5e7102acd0ca9"
  
  on-finished@~2.3.0:
    version "2.3.0"
    resolved "https://registry.yarnpkg.com/on-finished/-/on-finished-2.3.0.tgz#20f1336481b083cd75337992a16971aa2d906947"
    dependencies:
      ee-first "1.1.1"
  
  parseurl@~1.3.1:
    version "1.3.1"
    resolved "https://registry.yarnpkg.com/parseurl/-/parseurl-1.3.1.tgz#c8ab8c9223ba34888aa64a297b28853bec18da56"
  
  path-to-regexp@0.1.7:
    version "0.1.7"
    resolved "https://registry.yarnpkg.com/path-to-regexp/-/path-to-regexp-0.1.7.tgz#df604178005f522f15eb4490e7247a1bfaa67f8c"
  
  proxy-addr@~1.1.3:
    version "1.1.3"
    resolved "https://registry.yarnpkg.com/proxy-addr/-/proxy-addr-1.1.3.tgz#dc97502f5722e888467b3fa2297a7b1ff47df074"
    dependencies:
      forwarded "~0.1.0"
      ipaddr.js "1.2.0"
  
  qs@6.2.0:
    version "6.2.0"
    resolved "https://registry.yarnpkg.com/qs/-/qs-6.2.0.tgz#3b7848c03c2dece69a9522b0fae8c4126d745f3b"
  
  qs@6.2.1:
    version "6.2.1"
    resolved "https://registry.yarnpkg.com/qs/-/qs-6.2.1.tgz#ce03c5ff0935bc1d9d69a9f14cbd18e568d67625"
  
  ramda@^0.23.0:
    version "0.23.0"
    resolved "https://registry.yarnpkg.com/ramda/-/ramda-0.23.0.tgz#ccd13fff73497a93974e3e86327bfd87bd6e8e2b"
  
  range-parser@~1.2.0:
    version "1.2.0"
    resolved "https://registry.yarnpkg.com/range-parser/-/range-parser-1.2.0.tgz#f49be6b487894ddc40dcc94a322f611092e00d5e"
  
  raw-body@~1.1.0:
    version "1.1.7"
    resolved "https://registry.yarnpkg.com/raw-body/-/raw-body-1.1.7.tgz#1d027c2bfa116acc6623bca8f00016572a87d425"
    dependencies:
      bytes "1"
      string_decoder "0.10"
  
  raw-body@~2.2.0:
    version "2.2.0"
    resolved "https://registry.yarnpkg.com/raw-body/-/raw-body-2.2.0.tgz#994976cf6a5096a41162840492f0bdc5d6e7fb96"
    dependencies:
      bytes "2.4.0"
      iconv-lite "0.4.15"
      unpipe "1.0.0"
  
  safe-json-parse@~1.0.1:
    version "1.0.1"
    resolved "https://registry.yarnpkg.com/safe-json-parse/-/safe-json-parse-1.0.1.tgz#3e76723e38dfdda13c9b1d29a1e07ffee4b30b57"
  
  send@0.14.2:
    version "0.14.2"
    resolved "https://registry.yarnpkg.com/send/-/send-0.14.2.tgz#39b0438b3f510be5dc6f667a11f71689368cdeef"
    dependencies:
      debug "~2.2.0"
      depd "~1.1.0"
      destroy "~1.0.4"
      encodeurl "~1.0.1"
      escape-html "~1.0.3"
      etag "~1.7.0"
      fresh "0.3.0"
      http-errors "~1.5.1"
      mime "1.3.4"
      ms "0.7.2"
      on-finished "~2.3.0"
      range-parser "~1.2.0"
      statuses "~1.3.1"
  
  serve-static@~1.11.2:
    version "1.11.2"
    resolved "https://registry.yarnpkg.com/serve-static/-/serve-static-1.11.2.tgz#2cf9889bd4435a320cc36895c9aa57bd662e6ac7"
    dependencies:
      encodeurl "~1.0.1"
      escape-html "~1.0.3"
      parseurl "~1.3.1"
      send "0.14.2"
  
  setprototypeof@1.0.2:
    version "1.0.2"
    resolved "https://registry.yarnpkg.com/setprototypeof/-/setprototypeof-1.0.2.tgz#81a552141ec104b88e89ce383103ad5c66564d08"
  
  source-map-support@^0.4.2:
    version "0.4.11"
    resolved "https://registry.yarnpkg.com/source-map-support/-/source-map-support-0.4.11.tgz#647f939978b38535909530885303daf23279f322"
    dependencies:
      source-map "^0.5.3"
  
  source-map@^0.5.3:
    version "0.5.6"
    resolved "https://registry.yarnpkg.com/source-map/-/source-map-0.5.6.tgz#75ce38f52bf0733c5a7f0c118d81334a2bb5f412"
  
  "statuses@>= 1.3.1 < 2", statuses@~1.3.1:
    version "1.3.1"
    resolved "https://registry.yarnpkg.com/statuses/-/statuses-1.3.1.tgz#faf51b9eb74aaef3b3acf4ad5f61abf24cb7b93e"
  
  string-template@~0.2.1:
    version "0.2.1"
    resolved "https://registry.yarnpkg.com/string-template/-/string-template-0.2.1.tgz#42932e598a352d01fc22ec3367d9d84eec6c9add"
  
  string_decoder@0.10:
    version "0.10.31"
    resolved "https://registry.yarnpkg.com/string_decoder/-/string_decoder-0.10.31.tgz#62e203bc41766c6c28c9fc84301dab1c5310fa94"
  
  subscriptions-transport-ws@^0.4.0:
    version "0.4.0"
    resolved "https://registry.yarnpkg.com/subscriptions-transport-ws/-/subscriptions-transport-ws-0.4.0.tgz#71acf074d4e5ef84b6a0432e999a97b284d2f3f5"
    dependencies:
      backo2 "^1.0.2"
      graphql-subscriptions "^0.2.0"
      lodash.isobject "^3.0.2"
      lodash.isstring "^4.0.1"
      websocket "^1.0.23"
  
  type-is@~1.6.14:
    version "1.6.14"
    resolved "https://registry.yarnpkg.com/type-is/-/type-is-1.6.14.tgz#e219639c17ded1ca0789092dd54a03826b817cb2"
    dependencies:
      media-typer "0.3.0"
      mime-types "~2.1.13"
  
  typed-graphql@^1.0.2:
    version "1.0.2"
    resolved "https://registry.yarnpkg.com/typed-graphql/-/typed-graphql-1.0.2.tgz#4c0f788775d552df4d4ec3d73f25469252f40fb8"
  
  typedarray-to-buffer@^3.1.2:
    version "3.1.2"
    resolved "https://registry.yarnpkg.com/typedarray-to-buffer/-/typedarray-to-buffer-3.1.2.tgz#1017b32d984ff556eba100f501589aba1ace2e04"
    dependencies:
      is-typedarray "^1.0.0"
  
  unpipe@1.0.0, unpipe@~1.0.0:
    version "1.0.0"
    resolved "https://registry.yarnpkg.com/unpipe/-/unpipe-1.0.0.tgz#b2bf4ee8514aae6165b4817829d21b2ef49904ec"
  
  utils-merge@1.0.0:
    version "1.0.0"
    resolved "https://registry.yarnpkg.com/utils-merge/-/utils-merge-1.0.0.tgz#0294fb922bb9375153541c4f7096231f287c8af8"
  
  uuid@^3.0.1:
    version "3.0.1"
    resolved "https://registry.yarnpkg.com/uuid/-/uuid-3.0.1.tgz#6544bba2dfda8c1cf17e629a3a305e2bb1fee6c1"
  
  vary@^1, vary@~1.1.0:
    version "1.1.0"
    resolved "https://registry.yarnpkg.com/vary/-/vary-1.1.0.tgz#e1e5affbbd16ae768dd2674394b9ad3022653140"
  
  websocket@^1.0.23:
    version "1.0.24"
    resolved "https://registry.yarnpkg.com/websocket/-/websocket-1.0.24.tgz#74903e75f2545b6b2e1de1425bc1c905917a1890"
    dependencies:
      debug "^2.2.0"
      nan "^2.3.3"
      typedarray-to-buffer "^3.1.2"
      yaeti "^0.0.6"
  
  xtend@~4.0.0:
    version "4.0.1"
    resolved "https://registry.yarnpkg.com/xtend/-/xtend-4.0.1.tgz#a5c6d532be656e23db820efb943a1f04998d63af"
  
  yaeti@^0.0.6:
    version "0.0.6"
    resolved "https://registry.yarnpkg.com/yaeti/-/yaeti-0.0.6.tgz#f26f484d72684cf42bedfb76970aa1608fbf9577"

Trace: 
  Error: getaddrinfo ENOENT registry.yarnpkg.com:443
      at Object.exports._errnoException (util.js:1022:11)
      at errnoException (dns.js:33:15)
      at GetAddrInfoReqWrap.onlookup [as oncomplete] (dns.js:76:26)
